<?xml version="1.0" encoding="UTF-8"?>
<testng-results skipped="0" failed="0" total="0" passed="0">
  <reporter-output>
  </reporter-output>
  <suite name="Suite1" duration-ms="5046" started-at="2016-12-13T11:47:37Z" finished-at="2016-12-13T11:47:42Z">
    <groups>
    </groups>
    <test name="positive" duration-ms="4" started-at="2016-12-13T11:47:37Z" finished-at="2016-12-13T11:47:37Z">
    </test> <!-- positive -->
    <test name="negative" duration-ms="0" started-at="2016-12-13T11:47:42Z" finished-at="2016-12-13T11:47:42Z">
    </test> <!-- negative -->
  </suite> <!-- Suite1 -->
</testng-results>
